vid_num 131.0
Reading engine from file slowfast_sim.trt
[0.9607288  0.03927122]
[0.98407245 0.01592756]
[0.98684293 0.01315709]
[0.9594976  0.04050242]
[0.98405915 0.01594086]
[0.9910301  0.00896989]
[9.9930143e-01 6.9855514e-04]
[0.9977585  0.00224152]
[0.9960519  0.00394801]
label: not_wave, preds: not_wave(8.859)
[0.98923945 0.01076058]
[0.9883233  0.01167674]
[0.9958601  0.00413998]
[0.9989666  0.00103339]
[9.9970627e-01 2.9374243e-04]
[9.996248e-01 3.751544e-04]
[0.9984398  0.00156024]
[9.9974990e-01 2.5000126e-04]
[9.9979204e-01 2.0794653e-04]
label: not_wave, preds: not_wave(8.970)
[0.914742   0.08525806]
[0.87926    0.12073997]
[0.88882643 0.11117356]
[0.8272913  0.17270872]
[0.8640078  0.13599221]
[0.82829666 0.17170331]
[0.8642107  0.13578923]
[0.86195153 0.13804844]
[0.7409885 0.2590114]
label: not_wave, preds: not_wave(7.670)
[0.8816648  0.11833519]
[0.9453325  0.05466741]
[0.9852699  0.01473011]
[0.8188601  0.18113986]
[0.9446697  0.05533026]
[0.9395659 0.0604341]
[0.83812606 0.16187397]
[0.92812467 0.07187538]
[0.93516964 0.06483038]
label: not_wave, preds: not_wave(8.217)
[0.99636436 0.00363565]
[0.997331   0.00266897]
[0.9974381  0.00256188]
[0.8564725 0.1435275]
[0.9091993  0.09080071]
[0.9141228  0.08587718]
[0.89024645 0.10975352]
[0.9295328  0.07046722]
[0.93993604 0.0600639 ]
label: not_wave, preds: not_wave(8.431)
[0.9522835  0.04771655]
[0.9853869  0.01461308]
[0.9628362  0.03716384]
[0.9761256  0.02387445]
[0.99830854 0.00169144]
[0.9929016  0.00709842]
[0.9924301  0.00756988]
[9.9967790e-01 3.2204867e-04]
[9.9913013e-01 8.6988672e-04]
label: not_wave, preds: not_wave(8.859)
[0.9437099  0.05629009]
[0.94583434 0.05416562]
[0.97597235 0.02402761]
[0.8779123  0.12208769]
[0.96939063 0.03060936]
[0.97061825 0.02938179]
[0.86897326 0.13102672]
[0.96658826 0.03341174]
[0.974219   0.02578099]
label: not_wave, preds: not_wave(8.493)
[0.63007504 0.36992502]
[0.51716554 0.48283452]
[0.63481385 0.36518615]
[0.8847711  0.11522893]
[0.5292342  0.47076583]
[0.5287316  0.47126848]
[0.96989965 0.03010032]
[0.87659675 0.12340324]
[0.5553298 0.4446702]
label: not_wave, preds: not_wave(6.127)
[0.9105131  0.08948688]
[0.84251404 0.15748599]
[0.7748246  0.22517532]
[0.882854   0.11714603]
[0.80683005 0.19316995]
[0.88851374 0.11148627]
[0.8801658  0.11983423]
[0.7989043 0.2010957]
[0.84911996 0.15088008]
label: not_wave, preds: not_wave(7.634)
[0.46068943 0.5393106 ]
[0.5156771 0.4843229]
[0.37179047 0.62820953]
[0.495794   0.50420594]
[0.47362155 0.5263785 ]
[0.4109488  0.58905125]
[0.51231563 0.48768437]
[0.51566625 0.48433378]
[0.34603906 0.65396094]
label: not_wave, preds: wave(4.897)
------------------------------------------------------------
[9.9994767e-01 5.2346360e-05]
[0.9980292  0.00197082]
[0.97751737 0.02248265]
[9.9975276e-01 2.4724458e-04]
[0.99699575 0.00300426]
[0.9773704  0.02262961]
[9.9951041e-01 4.8957503e-04]
[0.99739146 0.00260852]
[0.98035    0.01964992]
label: not_wave, preds: not_wave(8.927)
[0.00354102 0.99645895]
[0.00223431 0.9977657 ]
[0.02678934 0.9732107 ]
[0.00351354 0.9964864 ]
[0.00603421 0.99396574]
[0.01722127 0.9827787 ]
[0.01474866 0.98525137]
[0.02090523 0.97909474]
[0.09890324 0.90109676]
label: not_wave, preds: wave(8.806)
------------------------------------------------------------
[0.527739   0.47226098]
[0.75241417 0.24758586]
[0.8820573  0.11794275]
[0.81355834 0.18644163]
[0.82038563 0.17961437]
[0.7948218 0.2051782]
[0.73846817 0.26153174]
[0.74303293 0.2569671 ]
[0.836892 0.163108]
label: not_wave, preds: not_wave(6.909)
[0.01534033 0.9846597 ]
[0.00809895 0.99190104]
[0.00620959 0.99379045]
[0.01077119 0.9892288 ]
[4.2682406e-04 9.9957317e-01]
[0.00304033 0.9969596 ]
[0.01963734 0.98036265]
[0.00110656 0.99889344]
[0.01804789 0.9819521 ]
label: not_wave, preds: wave(8.917)
------------------------------------------------------------
[0.9967054  0.00329452]
[0.9794575  0.02054248]
[0.985939   0.01406088]
[0.99618006 0.00381998]
[0.9817924  0.01820767]
[0.9906824  0.00931762]
[0.9972095  0.00279046]
[0.987297   0.01270302]
[0.9940626 0.0059374]
label: not_wave, preds: not_wave(8.909)
[0.9804163  0.01958363]
[0.9834289  0.01657111]
[0.9799526  0.02004744]
[0.9859831  0.01401696]
[0.974833   0.02516697]
[0.977164   0.02283603]
[0.9488905  0.05110949]
[0.96776116 0.03223888]
[0.9912072 0.0087928]
label: not_wave, preds: not_wave(8.790)
[0.8476291  0.15237097]
[0.70424247 0.29575753]
[0.5753442  0.42465585]
[0.76784825 0.2321518 ]
[0.5448114  0.45518863]
[0.3091954 0.6908046]
[0.8016906  0.19830945]
[0.4257945 0.5742055]
[0.175205 0.824795]
label: not_wave, preds: not_wave(5.152)
[0.7876513 0.2123487]
[0.7072809 0.2927192]
[0.39619577 0.60380423]
[0.7859146  0.21408543]
[0.7396555  0.26034454]
[0.38252652 0.6174735 ]
[0.7480432  0.25195682]
[0.726583 0.273417]
[0.33414602 0.665854  ]
label: not_wave, preds: not_wave(5.608)
[0.72656536 0.27343467]
[0.56720895 0.43279108]
[0.3476346 0.6523654]
[0.7054798  0.29452017]
[0.56371784 0.43628216]
[0.2267474 0.7732526]
[0.6903425  0.30965754]
[0.37820253 0.6217975 ]
[0.4000348 0.5999652]
label: not_wave, preds: not_wave(4.606)
[9.9968565e-01 3.1430609e-04]
[9.9980438e-01 1.9563861e-04]
[0.9986876  0.00131235]
[9.996095e-01 3.905397e-04]
[9.9973023e-01 2.6977173e-04]
[0.99860686 0.00139311]
[9.9959779e-01 4.0220201e-04]
[9.996654e-01 3.345203e-04]
[0.99784386 0.00215609]
label: not_wave, preds: not_wave(8.993)
[0.8730998 0.1269002]
[0.79698145 0.20301855]
[0.5595342 0.4404658]
[0.89133906 0.10866088]
[0.7582505  0.24174955]
[0.75625664 0.24374336]
[0.88565487 0.11434517]
[0.59088516 0.4091148 ]
[0.77161694 0.22838308]
label: not_wave, preds: not_wave(6.884)
[9.9912095e-01 8.7904267e-04]
[0.998721   0.00127899]
[0.99260753 0.0073924 ]
[0.9984559  0.00154411]
[9.9916625e-01 8.3370775e-04]
[0.99504876 0.0049512 ]
[0.9730871  0.02691289]
[0.99190676 0.00809324]
[0.9823868  0.01761321]
label: not_wave, preds: not_wave(8.931)
[0.9469525  0.05304741]
[0.9359574 0.0640426]
[0.91722906 0.08277094]
[0.9322859  0.06771412]
[0.8899293  0.11007074]
[0.9176725  0.08232748]
[0.8862584  0.11374159]
[0.80192596 0.19807409]
[0.9543184  0.04568152]
label: not_wave, preds: not_wave(8.183)
[0.02474372 0.97525626]
[0.01603116 0.98396885]
[0.06144051 0.9385595 ]
[0.02474372 0.97525626]
[0.01603116 0.98396885]
[0.06144051 0.9385595 ]
[0.02474372 0.97525626]
[0.01603116 0.98396885]
[0.06144051 0.9385595 ]
label: not_wave, preds: wave(8.693)
------------------------------------------------------------
[0.3714249 0.6285751]
[0.8193007  0.18069929]
[0.77538157 0.22461845]
[0.81505257 0.1849475 ]
[0.8992765  0.10072356]
[0.8873303  0.11266964]
[0.86247176 0.1375283 ]
[0.951878   0.04812201]
[0.9196818  0.08031821]
label: not_wave, preds: not_wave(7.302)
[0.99665016 0.00334986]
[0.9781698  0.02183023]
[0.98295426 0.0170458 ]
[0.99727947 0.00272051]
[0.98536223 0.01463777]
[0.96507365 0.03492636]
[0.9894178  0.01058222]
[0.99395937 0.00604063]
[0.9727362  0.02726382]
label: not_wave, preds: not_wave(8.862)
[0.14594911 0.8540509 ]
[0.21034366 0.78965634]
[0.08968082 0.91031915]
[0.14173867 0.85826135]
[0.19330147 0.80669856]
[0.13616389 0.8638361 ]
[0.20137136 0.7986286 ]
[0.23536414 0.76463586]
[0.18295935 0.8170407 ]
label: not_wave, preds: wave(7.463)
------------------------------------------------------------
[0.99159265 0.00840734]
[0.91670114 0.08329886]
[0.87059784 0.12940219]
[0.99696326 0.00303672]
[0.94153565 0.05846434]
[0.87819767 0.12180237]
[0.995754   0.00424598]
[0.94709355 0.05290651]
[0.8614024  0.13859767]
label: not_wave, preds: not_wave(8.400)
[0.9309942  0.06900582]
[0.86903065 0.13096935]
[0.79218394 0.2078161 ]
[0.9061401  0.09385991]
[0.8519434  0.14805666]
[0.7754011  0.22459888]
[0.9103248  0.08967516]
[0.85949564 0.1405043 ]
[0.79462445 0.20537557]
label: not_wave, preds: not_wave(7.690)
[0.8686581 0.1313419]
[0.6955677 0.3044323]
[0.65729624 0.34270376]
[0.7978721  0.20212787]
[0.73255986 0.26744008]
[0.66855633 0.33144373]
[0.81824756 0.18175253]
[0.750556   0.24944401]
[0.6697977  0.33020228]
label: not_wave, preds: not_wave(6.659)
[9.9931806e-01 6.8188342e-04]
[9.9952424e-01 4.7573846e-04]
[0.99467844 0.0053216 ]
[9.9949855e-01 5.0146010e-04]
[9.994645e-01 5.354542e-04]
[0.9973092  0.00269081]
[9.9973834e-01 2.6163695e-04]
[9.9973965e-01 2.6031974e-04]
[0.9984131  0.00158692]
label: not_wave, preds: not_wave(8.988)
[0.9800031  0.01999695]
[0.96378523 0.03621479]
[0.9057708  0.09422925]
[0.8989751  0.10102495]
[0.88216764 0.11783239]
[0.8835784  0.11642157]
[0.69621736 0.30378264]
[0.81833506 0.18166487]
[0.83676726 0.16323273]
label: not_wave, preds: not_wave(7.866)
[0.44488513 0.55511487]
[0.70615244 0.2938476 ]
[0.71185315 0.2881469 ]
[0.5282614  0.47173858]
[0.7854384 0.2145616]
[0.8550304  0.14496957]
[0.48626536 0.51373464]
[0.85757023 0.14242978]
[0.909759 0.090241]
label: not_wave, preds: not_wave(6.285)
[0.9862155  0.01378453]
[0.9172739  0.08272616]
[0.80376613 0.19623388]
[0.9846788  0.01532118]
[0.944697   0.05530297]
[0.8356514  0.16434865]
[0.9852611  0.01473891]
[0.9606415  0.03935849]
[0.8713169  0.12868313]
label: not_wave, preds: not_wave(8.290)
[0.83598804 0.16401197]
[0.90863335 0.09136662]
[0.9484662  0.05153376]
[0.86139596 0.13860409]
[0.91887605 0.08112399]
[0.97875714 0.0212429 ]
[0.90024614 0.09975383]
[0.57263255 0.42736745]
[0.98338085 0.01661918]
label: not_wave, preds: not_wave(7.908)
[0.9805332  0.01946685]
[0.9509396  0.04906037]
[0.8225443  0.17745571]
[0.92571956 0.07428043]
[0.9744699  0.02553004]
[0.8581629 0.1418371]
[0.92299306 0.07700688]
[0.9227263  0.07727375]
[0.7406361 0.2593639]
label: not_wave, preds: not_wave(8.099)
[0.7457433  0.25425678]
[0.80166596 0.19833405]
[0.691681   0.30831897]
[0.65790164 0.34209836]
[0.65742373 0.34257632]
[0.61469185 0.3853081 ]
[0.57006806 0.42993194]
[0.72134066 0.2786593 ]
[0.7302785 0.2697215]
label: not_wave, preds: not_wave(6.191)
[0.48525545 0.5147446 ]
[0.01539094 0.984609  ]
[0.32587713 0.6741228 ]
[0.60903263 0.39096743]
[0.03290982 0.96709025]
[0.53747815 0.46252188]
[0.89626557 0.10373447]
[0.846188   0.15381199]
[0.8856331  0.11436692]
label: not_wave, preds: not_wave(4.634)
[0.981483 0.018517]
[0.99800855 0.00199141]
[0.9971775  0.00282246]
[0.99860466 0.00139536]
[9.9982810e-01 1.7181691e-04]
[0.9957266  0.00427341]
[0.9976639  0.00233613]
[9.9953943e-01 4.6054306e-04]
[0.9886583  0.01134169]
label: not_wave, preds: not_wave(8.957)
[0.7869004 0.2130996]
[0.8788543 0.1211457]
[0.9141684  0.08583159]
[0.7732628  0.22673725]
[0.83190376 0.1680963 ]
[0.91556793 0.08443207]
[0.7729937  0.22700629]
[0.8131801  0.18681994]
[0.8875683  0.11243176]
label: not_wave, preds: not_wave(7.574)
[0.9950535  0.00494647]
[9.995633e-01 4.366490e-04]
[0.99462366 0.0053763 ]
[0.89490354 0.10509649]
[0.22080794 0.7791921 ]
[0.33057696 0.66942304]
[0.6734688  0.32653123]
[0.16401112 0.8359889 ]
[0.03634139 0.9636586 ]
label: not_wave, preds: not_wave(5.309)
[0.19008602 0.809914  ]
[0.26507646 0.73492354]
[0.12882352 0.8711765 ]
[0.9977331  0.00226688]
[0.7975865  0.20241347]
[0.28850847 0.7114916 ]
[0.5566638 0.4433362]
[0.807253   0.19274707]
[0.51365083 0.48634917]
label: not_wave, preds: not_wave(4.545)
[9.9998295e-01 1.7061142e-05]
[9.9995947e-01 4.0583116e-05]
[9.9954402e-01 4.5590027e-04]
[9.9966204e-01 3.3796945e-04]
[0.99841696 0.00158305]
[9.994683e-01 5.316508e-04]
[0.9978502  0.00214981]
[0.9958886  0.00411133]
[0.93254244 0.06745757]
label: not_wave, preds: not_wave(8.923)
[0.81264126 0.1873587 ]
[0.8716786  0.12832141]
[0.6297004  0.37029958]
[0.82122517 0.17877482]
[0.8786185  0.12138151]
[0.69878876 0.3012113 ]
[0.8960954  0.10390468]
[0.93493044 0.0650695 ]
[0.7939923  0.20600772]
label: not_wave, preds: not_wave(7.338)
[9.9981737e-01 1.8262898e-04]
[9.9987727e-01 1.2270808e-04]
[9.9936324e-01 6.3672778e-04]
[9.9981534e-01 1.8460295e-04]
[9.9988604e-01 1.1393207e-04]
[9.9961329e-01 3.8672774e-04]
[9.998671e-01 1.328587e-04]
[9.998827e-01 1.173141e-04]
[9.9957335e-01 4.2661349e-04]
label: not_wave, preds: not_wave(8.998)
[9.9961293e-01 3.8699433e-04]
[9.9946499e-01 5.3504854e-04]
[9.994063e-01 5.936546e-04]
[0.99731475 0.00268525]
[9.9928087e-01 7.1906985e-04]
[0.9982492  0.00175078]
[0.99743396 0.002566  ]
[9.9973714e-01 2.6286684e-04]
[9.997365e-01 2.634350e-04]
label: not_wave, preds: not_wave(8.990)
[0.78813314 0.2118668 ]
[0.18320565 0.8167944 ]
[0.0380508 0.9619492]
[0.65919656 0.34080344]
[0.16347772 0.8365223 ]
[0.04603212 0.95396787]
[0.55890375 0.44109628]
[0.18894735 0.8110526 ]
[0.10288613 0.89711386]
label: not_wave, preds: wave(6.271)
------------------------------------------------------------
[0.373214 0.626786]
[0.6354321  0.36456788]
[0.78099155 0.21900843]
[0.8652003  0.13479967]
[0.92765987 0.07234009]
[0.9296302  0.07036985]
[0.9714773  0.02852266]
[0.9723011  0.02769889]
[0.9676309  0.03236908]
label: not_wave, preds: not_wave(7.424)
[0.9978279  0.00217208]
[0.9982783  0.00172168]
[0.99839944 0.0016006 ]
[0.9988042  0.00119579]
[0.9986745  0.00132551]
[0.99865085 0.00134917]
[9.9971390e-01 2.8605183e-04]
[9.9957961e-01 4.2039127e-04]
[0.9989387  0.00106134]
label: not_wave, preds: not_wave(8.989)
[9.992188e-01 7.812062e-04]
[9.9939346e-01 6.0654199e-04]
[0.9980066  0.00199336]
[0.9980119  0.00198814]
[9.994663e-01 5.337096e-04]
[0.9962312  0.00376874]
[0.99670374 0.00329623]
[9.995772e-01 4.227549e-04]
[0.996519   0.00348095]
label: not_wave, preds: not_wave(8.983)
[0.94196975 0.05803028]
[0.88949525 0.11050473]
[0.82701486 0.17298517]
[0.9223925  0.07760753]
[0.8355207 0.1644793]
[0.8550963  0.14490366]
[0.8445764  0.15542358]
[0.86114085 0.13885918]
[0.8036644  0.19633563]
label: not_wave, preds: not_wave(7.781)
[0.97956383 0.02043615]
[0.974605   0.02539495]
[0.96964324 0.03035676]
[0.97065884 0.02934114]
[0.9362754  0.06372458]
[0.96113914 0.03886086]
[0.96747833 0.03252168]
[0.9677811  0.03221887]
[0.9576596  0.04234042]
label: not_wave, preds: not_wave(8.685)
[0.9511822  0.04881782]
[0.9831595  0.01684046]
[0.97285575 0.02714425]
[0.9340454  0.06595457]
[0.98512995 0.01487001]
[0.9560386  0.04396145]
[0.9207505  0.07924956]
[0.98828775 0.01171235]
[0.9710616  0.02893838]
label: not_wave, preds: not_wave(8.663)
[0.9708135  0.02918649]
[0.9604915  0.03950857]
[0.8721055  0.12789454]
[0.94657487 0.05342513]
[0.92123497 0.07876503]
[0.7772839  0.22271608]
[0.97801614 0.02198384]
[0.9743317  0.02566832]
[0.9530357  0.04696432]
label: not_wave, preds: not_wave(8.354)
[0.8073141  0.19268587]
[0.8042886  0.19571145]
[0.7108485  0.28915155]
[0.8310714  0.16892868]
[0.89437115 0.10562889]
[0.9160233  0.08397675]
[0.9649179  0.03508209]
[0.896436   0.10356407]
[0.4946599 0.5053401]
label: not_wave, preds: not_wave(7.320)
[0.9979223  0.00207766]
[0.9962717  0.00372825]
[0.95927465 0.04072535]
[0.9890357  0.01096428]
[0.9886037  0.01139629]
[0.876262   0.12373798]
[0.23381552 0.76618445]
[0.6037406  0.39625943]
[0.5205756  0.47942442]
label: not_wave, preds: not_wave(7.166)
[0.81192565 0.18807429]
[0.58451885 0.4154812 ]
[0.72447884 0.27552116]
[0.83676857 0.16323143]
[0.6182115  0.38178852]
[0.71119034 0.28880963]
[0.89390993 0.10609004]
[0.72999257 0.27000746]
[0.624418 0.375582]
label: not_wave, preds: not_wave(6.535)
[0.7633277  0.23667228]
[0.82868713 0.1713129 ]
[0.89154524 0.10845479]
[0.7914708  0.20852922]
[0.78606635 0.21393368]
[0.7624742  0.23752576]
[0.8499016  0.15009835]
[0.87046415 0.1295359 ]
[0.84213126 0.1578687 ]
label: not_wave, preds: not_wave(7.386)
[0.99737245 0.00262752]
[0.9973635  0.00263648]
[0.9969003  0.00309961]
[0.9983611  0.00163884]
[0.99888587 0.00111416]
[0.99807215 0.00192786]
[0.9984663  0.00153368]
[0.9973494  0.00265063]
[0.9975745  0.00242548]
label: not_wave, preds: not_wave(8.980)
[2.1047945e-06 9.9999791e-01]
[9.4210236e-07 9.9999905e-01]
[1.2042344e-05 9.9998796e-01]
[2.9318756e-04 9.9970686e-01]
[2.9298608e-09 1.0000000e+00]
[9.51578e-09 1.00000e+00]
[0.05289036 0.9471096 ]
[8.5013471e-06 9.9999154e-01]
[3.3543664e-08 1.0000000e+00]
label: wave, preds: wave(8.947)
[0.02866329 0.9713367 ]
[0.70404816 0.29595187]
[0.65464884 0.34535116]
[0.00815512 0.9918449 ]
[0.6592293  0.34077075]
[0.6514365  0.34856352]
[0.0083013 0.9916987]
[0.69495225 0.3050477 ]
[0.6466473  0.35335273]
label: wave, preds: wave(4.944)
[3.0644514e-05 9.9996936e-01]
[0.00726323 0.99273676]
[0.31773147 0.68226856]
[4.562260e-04 9.995438e-01]
[0.04674963 0.9532504 ]
[0.27405804 0.72594196]
[0.00248583 0.9975141 ]
[0.01800131 0.98199874]
[0.4049421 0.5950579]
label: wave, preds: wave(7.928)
[0.5020252 0.4979748]
[0.02797858 0.9720214 ]
[4.4490598e-04 9.9955511e-01]
[0.46888116 0.53111887]
[0.016147 0.983853]
[1.650198e-04 9.998349e-01]
[0.4665651  0.53343487]
[0.0591162 0.9408838]
[7.460207e-04 9.992540e-01]
label: wave, preds: wave(7.458)
[0.00626697 0.99373305]
[3.0491346e-08 1.0000000e+00]
[2.2489587e-08 1.0000000e+00]
[0.0084808 0.9915192]
[1.10295396e-07 9.99999881e-01]
[6.4744046e-07 9.9999940e-01]
[0.02532056 0.97467947]
[1.2402283e-04 9.9987602e-01]
[3.8195937e-04 9.9961805e-01]
label: wave, preds: wave(8.959)
[0.4466253 0.5533747]
[0.04066506 0.95933497]
[5.480544e-04 9.994519e-01]
[0.68015754 0.31984246]
[0.24268627 0.7573137 ]
[0.00338437 0.99661565]
[0.73507345 0.26492655]
[0.32282457 0.6771754 ]
[0.0167635 0.9832365]
label: wave, preds: wave(6.511)
[0.01149162 0.98850834]
[0.02336163 0.9766383 ]
[0.01030743 0.98969257]
[0.00397776 0.9960223 ]
[0.00178732 0.9982127 ]
[0.00468524 0.9953148 ]
[0.00138106 0.9986189 ]
[4.2217743e-04 9.9957776e-01]
[0.00158708 0.9984129 ]
label: wave, preds: wave(8.941)
[0.28503755 0.7149624 ]
[0.00204165 0.99795836]
[3.3277043e-05 9.9996674e-01]
[0.13557321 0.8644268 ]
[5.1271731e-05 9.9994874e-01]
[2.7329133e-06 9.9999726e-01]
[0.22724392 0.7727561 ]
[7.970004e-04 9.992031e-01]
[1.1023239e-04 9.9988973e-01]
label: wave, preds: wave(8.349)
[0.13758925 0.8624108 ]
[0.5829064  0.41709358]
[0.17631002 0.82369   ]
[0.00227814 0.99772185]
[0.01128952 0.9887105 ]
[6.0586224e-04 9.9939412e-01]
[4.031069e-06 9.999960e-01]
[3.2674965e-05 9.9996734e-01]
[1.7285786e-06 9.9999827e-01]
label: wave, preds: wave(8.089)
[0.98133075 0.01866931]
[0.94791424 0.05208577]
[0.9214649  0.07853507]
[0.9676598  0.03234026]
[0.9919007  0.00809934]
[0.9474976  0.05250239]
[0.04276248 0.95723754]
[0.02528864 0.97471136]
[0.01621901 0.983781  ]
label: wave, preds: not_wave(5.842)
------------------------------------------------------------
[0.09105004 0.90895   ]
[0.11636142 0.8836386 ]
[0.2050142 0.7949858]
[0.14275447 0.85724556]
[0.2547018 0.7452982]
[0.4110521 0.5889479]
[0.30811167 0.69188833]
[0.40037122 0.5996288 ]
[0.4557688  0.54423124]
label: wave, preds: wave(6.615)
[0.01366087 0.9863391 ]
[2.0109864e-04 9.9979889e-01]
[0.00162659 0.9983734 ]
[0.00471368 0.99528635]
[1.1262776e-04 9.9988741e-01]
[9.7315130e-04 9.9902683e-01]
[0.00505622 0.99494374]
[1.425518e-04 9.998574e-01]
[0.00249182 0.99750817]
label: wave, preds: wave(8.971)
[1.737094e-06 9.999982e-01]
[2.1228888e-07 9.9999982e-01]
[3.194001e-07 9.999997e-01]
[1.0888676e-07 9.9999988e-01]
[8.9884486e-07 9.9999911e-01]
[7.772558e-05 9.999223e-01]
[2.083531e-06 9.999979e-01]
[7.947948e-06 9.999921e-01]
[0.00854522 0.9914548 ]
label: wave, preds: wave(8.991)
[0.9045497  0.09545035]
[0.6480253  0.35197467]
[0.50557554 0.49442446]
[0.44818616 0.55181384]
[0.00240876 0.99759126]
[6.5008644e-04 9.9934989e-01]
[0.161392   0.83860797]
[0.00100462 0.99899536]
[0.00109137 0.99890864]
label: wave, preds: wave(6.327)
[4.280166e-05 9.999572e-01]
[3.96775e-09 1.00000e+00]
[3.559081e-08 1.000000e+00]
[1.4696173e-04 9.9985301e-01]
[4.0977945e-09 1.0000000e+00]
[1.48388e-08 1.00000e+00]
[2.0224106e-04 9.9979770e-01]
[1.0436314e-09 1.0000000e+00]
[1.2438819e-09 1.0000000e+00]
label: wave, preds: wave(9.000)
[2.1184783e-06 9.9999791e-01]
[6.643111e-04 9.993357e-01]
[1.4865842e-05 9.9998516e-01]
[2.507675e-06 9.999975e-01]
[1.1218758e-04 9.9988782e-01]
[1.6815063e-06 9.9999833e-01]
[2.6512731e-05 9.9997354e-01]
[4.2452848e-05 9.9995756e-01]
[5.6087547e-06 9.9999440e-01]
label: wave, preds: wave(8.999)
[0.48566806 0.51433194]
[0.61682236 0.38317767]
[0.80648214 0.19351786]
[0.00477718 0.9952228 ]
[0.15439452 0.84560543]
[0.3011804  0.69881964]
[1.7116914e-04 9.9982876e-01]
[0.00428304 0.9957169 ]
[0.00200316 0.9979968 ]
label: wave, preds: wave(6.624)
[6.479231e-08 9.999999e-01]
[1.22867405e-08 1.00000000e+00]
[3.7948773e-09 1.0000000e+00]
[1.4986304e-08 1.0000000e+00]
[1.0431844e-08 1.0000000e+00]
[5.6320877e-09 1.0000000e+00]
[1.3419948e-07 9.9999988e-01]
[9.7970315e-08 9.9999988e-01]
[4.758715e-09 1.000000e+00]
label: wave, preds: wave(9.000)
[0.03282113 0.9671789 ]
[1.3931674e-05 9.9998605e-01]
[2.2315703e-06 9.9999785e-01]
[0.20551662 0.7944834 ]
[1.9121534e-04 9.9980879e-01]
[1.8977642e-05 9.9998105e-01]
[0.35454968 0.64545035]
[0.00652026 0.9934797 ]
[3.8086448e-04 9.9961919e-01]
label: wave, preds: wave(8.400)
[2.5930253e-06 9.9999738e-01]
[2.6547365e-05 9.9997348e-01]
[1.3885358e-05 9.9998617e-01]
[1.1040064e-06 9.9999893e-01]
[6.378697e-06 9.999936e-01]
[5.0693252e-06 9.9999493e-01]
[1.0050603e-07 9.9999988e-01]
[1.4850588e-06 9.9999845e-01]
[3.3415887e-07 9.9999964e-01]
label: wave, preds: wave(9.000)
[0.00208702 0.99791294]
[0.00168055 0.9983194 ]
[0.43355298 0.566447  ]
[2.0410014e-05 9.9997956e-01]
[5.6054698e-05 9.9994397e-01]
[0.5867711  0.41322893]
[0.0156324  0.98436755]
[0.42851317 0.57148683]
[0.72051597 0.27948403]
label: wave, preds: wave(6.811)
[0.00649193 0.9935081 ]
[3.9063428e-07 9.9999964e-01]
[4.3361962e-07 9.9999952e-01]
[0.00602905 0.993971  ]
[2.6322736e-08 1.0000000e+00]
[5.2870583e-09 1.0000000e+00]
[0.02733514 0.97266483]
[3.6390944e-08 1.0000000e+00]
[3.5408183e-09 1.0000000e+00]
label: wave, preds: wave(8.960)
[0.970254   0.02974602]
[0.99426085 0.00573913]
[0.99755716 0.00244283]
[0.9743684  0.02563162]
[0.9906912  0.00930885]
[0.99279    0.00721007]
[0.9555283  0.04447166]
[0.9720888  0.02791119]
[0.99349344 0.00650656]
label: wave, preds: not_wave(8.841)
------------------------------------------------------------
[0.02696532 0.97303474]
[0.10342075 0.89657927]
[0.0099767 0.9900233]
[1.6904707e-04 9.9983090e-01]
[3.0372356e-04 9.9969625e-01]
[1.4205409e-06 9.9999857e-01]
[1.6770399e-06 9.9999833e-01]
[1.9867008e-05 9.9998009e-01]
[3.9651624e-07 9.9999964e-01]
label: wave, preds: wave(8.859)
[1.106633e-08 1.000000e+00]
[3.2189092e-08 1.0000000e+00]
[0.00170443 0.99829555]
[2.7386465e-08 1.0000000e+00]
[3.7076923e-08 1.0000000e+00]
[0.00313916 0.99686086]
[3.818272e-08 1.000000e+00]
[1.1048694e-07 9.9999988e-01]
[0.0060631 0.9939369]
label: wave, preds: wave(8.989)
[0.19045128 0.80954874]
[5.0973234e-05 9.9994898e-01]
[1.0056326e-06 9.9999899e-01]
[0.16218548 0.83781457]
[1.7800056e-04 9.9982202e-01]
[2.9567823e-07 9.9999976e-01]
[0.18430018 0.8156998 ]
[7.817650e-04 9.992183e-01]
[2.6226876e-06 9.9999738e-01]
label: wave, preds: wave(8.462)
[0.00408877 0.9959112 ]
[0.00448512 0.99551487]
[0.00260562 0.9973944 ]
[2.7707256e-06 9.9999726e-01]
[1.8981867e-05 9.9998099e-01]
[8.2501225e-05 9.9991751e-01]
[5.423522e-06 9.999946e-01]
[2.371303e-05 9.999763e-01]
[6.767447e-05 9.999323e-01]
label: wave, preds: wave(8.989)
[1.0942929e-06 9.9999893e-01]
[1.0492487e-10 1.0000000e+00]
[6.5926451e-07 9.9999934e-01]
[3.4285975e-08 1.0000000e+00]
[1.4289601e-10 1.0000000e+00]
[1.9331752e-07 9.9999982e-01]
[1.5864143e-07 9.9999988e-01]
[3.4313807e-08 1.0000000e+00]
[4.317355e-06 9.999957e-01]
label: wave, preds: wave(9.000)
[0.00899611 0.99100393]
[0.01791376 0.9820862 ]
[0.00642459 0.9935754 ]
[3.3690437e-04 9.9966311e-01]
[0.00111423 0.99888575]
[0.001898   0.99810195]
[5.6407778e-05 9.9994361e-01]
[5.9611826e-05 9.9994040e-01]
[3.8138844e-04 9.9961859e-01]
label: wave, preds: wave(8.963)
[4.7147232e-08 9.9999994e-01]
[2.1878347e-07 9.9999982e-01]
[6.0680097e-09 1.0000000e+00]
[3.7923394e-07 9.9999958e-01]
[7.0303184e-07 9.9999928e-01]
[2.7134018e-08 1.0000000e+00]
[1.6083443e-06 9.9999833e-01]
[6.1683153e-08 9.9999994e-01]
[5.00025e-09 1.00000e+00]
label: wave, preds: wave(9.000)
[0.39040828 0.6095917 ]
[1.6532511e-04 9.9983466e-01]
[1.4694233e-06 9.9999857e-01]
[0.38695216 0.61304784]
[0.00125892 0.99874103]
[6.082999e-07 9.999994e-01]
[0.53142583 0.46857417]
[0.01607445 0.9839256 ]
[8.7859571e-06 9.9999124e-01]
label: wave, preds: wave(7.674)
[6.579150e-05 9.999342e-01]
[2.5741812e-05 9.9997425e-01]
[0.8064848 0.1935152]
[1.8356923e-05 9.9998164e-01]
[4.3579967e-06 9.9999559e-01]
[0.82143015 0.17856987]
[7.457927e-05 9.999254e-01]
[1.8508083e-05 9.9998146e-01]
[0.808625   0.19137506]
label: wave, preds: wave(6.563)
[9.6475851e-05 9.9990356e-01]
[1.2300616e-07 9.9999988e-01]
[1.9644187e-06 9.9999803e-01]
[0.00681003 0.99318993]
[2.9487987e-07 9.9999976e-01]
[1.8629782e-09 1.0000000e+00]
[0.04392846 0.95607156]
[2.7309059e-06 9.9999726e-01]
[5.9836417e-08 9.9999994e-01]
label: wave, preds: wave(8.949)
[0.99641395 0.00358604]
[0.51569 0.48431]
[8.2467694e-04 9.9917531e-01]
[0.9966412  0.00335877]
[0.5432727  0.45672736]
[0.00174282 0.99825716]
[0.99803835 0.00196162]
[0.5307386  0.46926144]
[0.00266009 0.99733996]
label: wave, preds: not_wave(4.586)
------------------------------------------------------------
[7.223416e-04 9.992776e-01]
[7.3504393e-06 9.9999261e-01]
[7.590292e-06 9.999924e-01]
[8.7725004e-04 9.9912274e-01]
[8.1451235e-06 9.9999189e-01]
[7.7439736e-06 9.9999225e-01]
[8.7725004e-04 9.9912274e-01]
[8.1451235e-06 9.9999189e-01]
[7.7439736e-06 9.9999225e-01]
label: wave, preds: wave(8.997)
[0.23135443 0.7686456 ]
[0.33662945 0.66337055]
[0.29223058 0.70776945]
[0.34909135 0.65090865]
[0.07615837 0.9238416 ]
[0.01476377 0.98523617]
[0.15707865 0.8429214 ]
[3.5703747e-04 9.9964297e-01]
[3.14775e-09 1.00000e+00]
label: wave, preds: wave(7.542)
[0.0173969 0.9826031]
[1.1040391e-06 9.9999887e-01]
[3.2710320e-06 9.9999666e-01]
[0.01081209 0.9891879 ]
[2.1095573e-07 9.9999976e-01]
[8.0278176e-07 9.9999923e-01]
[0.02398786 0.9760121 ]
[2.6853028e-08 1.0000000e+00]
[5.0661153e-08 9.9999994e-01]
label: wave, preds: wave(8.948)
[0.00936812 0.99063194]
[3.9479964e-08 9.9999994e-01]
[1.8078532e-07 9.9999982e-01]
[0.13470837 0.86529154]
[1.7603523e-07 9.9999988e-01]
[2.0252087e-07 9.9999988e-01]
[0.23228315 0.7677169 ]
[1.6715127e-06 9.9999833e-01]
[1.3414528e-06 9.9999869e-01]
label: wave, preds: wave(8.624)
[9.2835951e-05 9.9990714e-01]
[5.0159702e-05 9.9994981e-01]
[0.0031802 0.9968198]
[9.3642098e-05 9.9990636e-01]
[2.5819558e-05 9.9997413e-01]
[0.00510626 0.9948937 ]
[1.0168244e-04 9.9989831e-01]
[3.3793836e-05 9.9996614e-01]
[0.00339796 0.996602  ]
label: wave, preds: wave(8.988)
[9.9989587e-01 1.0412519e-04]
[0.99415934 0.00584074]
[0.785975   0.21402499]
[9.9956477e-01 4.3525916e-04]
[9.9951744e-01 4.8254116e-04]
[0.9919107  0.00808928]
[0.00127483 0.9987252 ]
[3.4555384e-08 1.0000000e+00]
[2.533162e-06 9.999974e-01]
label: wave, preds: not_wave(5.772)
------------------------------------------------------------
[2.4291320e-04 9.9975705e-01]
[1.8985025e-07 9.9999976e-01]
[3.1131242e-06 9.9999690e-01]
[2.7528882e-04 9.9972475e-01]
[7.232485e-08 9.999999e-01]
[1.7128152e-06 9.9999833e-01]
[5.1841774e-04 9.9948162e-01]
[1.2222041e-07 9.9999988e-01]
[2.4615422e-06 9.9999750e-01]
label: wave, preds: wave(8.999)
[0.31449568 0.6855043 ]
[0.4468421 0.5531579]
[0.9055305  0.09446951]
[0.8797219  0.12027811]
[0.9824758  0.01752419]
[0.9944985  0.00550151]
[0.8055976  0.19440235]
[0.9791821  0.02081787]
[0.9971345  0.00286542]
label: wave, preds: not_wave(7.305)
------------------------------------------------------------
[0.00483431 0.9951657 ]
[1.4966668e-06 9.9999857e-01]
[1.6635682e-06 9.9999833e-01]
[0.0020843 0.9979157]
[1.8429088e-07 9.9999988e-01]
[1.1386909e-07 9.9999988e-01]
[0.00182151 0.9981785 ]
[5.1103108e-08 9.9999994e-01]
[6.249777e-08 1.000000e+00]
label: wave, preds: wave(8.991)
[6.818059e-07 9.999993e-01]
[1.2120654e-10 1.0000000e+00]
[4.2824046e-11 1.0000000e+00]
[3.4493045e-05 9.9996555e-01]
[2.3636762e-08 1.0000000e+00]
[4.991638e-09 1.000000e+00]
[9.967021e-04 9.990033e-01]
[4.9872195e-08 9.9999994e-01]
[6.0106524e-09 1.0000000e+00]
label: wave, preds: wave(8.999)
[0.00566651 0.99433345]
[7.320091e-07 9.999993e-01]
[8.9116395e-07 9.9999917e-01]
[0.11630459 0.8836954 ]
[4.2411116e-07 9.9999964e-01]
[1.445090e-07 9.999999e-01]
[0.47338495 0.5266151 ]
[0.00312801 0.99687195]
[1.3407435e-04 9.9986595e-01]
label: wave, preds: wave(8.401)
[0.71731615 0.28268385]
[0.4683629  0.53163713]
[0.00931732 0.9906827 ]
[0.00246322 0.9975367 ]
[4.5011537e-05 9.9995500e-01]
[9.0641799e-07 9.9999905e-01]
[1.0070085e-05 9.9998993e-01]
[4.4587392e-10 1.0000000e+00]
[2.3594002e-12 1.0000000e+00]
label: wave, preds: wave(7.802)
[0.8428036  0.15719642]
[0.87224007 0.12775989]
[0.84871227 0.15128776]
[0.89790195 0.10209811]
[0.94995815 0.05004179]
[0.9104512  0.08954878]
[0.16301861 0.8369814 ]
[0.9571069 0.0428931]
[0.989987   0.01001295]
label: wave, preds: not_wave(7.432)
------------------------------------------------------------
[1.6392987e-05 9.9998367e-01]
[2.0425646e-06 9.9999797e-01]
[1.411741e-04 9.998588e-01]
[1.0863354e-05 9.9998915e-01]
[2.2718798e-06 9.9999774e-01]
[5.3642294e-04 9.9946356e-01]
[5.681283e-05 9.999432e-01]
[6.1595151e-06 9.9999386e-01]
[0.00245006 0.9975499 ]
label: wave, preds: wave(8.997)
[1.5695856e-05 9.9998438e-01]
[7.868603e-05 9.999213e-01]
[0.01886775 0.98113227]
[2.3303542e-06 9.9999768e-01]
[1.8303926e-05 9.9998164e-01]
[0.01509669 0.98490334]
[1.0512777e-05 9.9998951e-01]
[1.5757908e-04 9.9984241e-01]
[0.01483623 0.98516375]
label: wave, preds: wave(8.951)
[0.14893441 0.85106564]
[0.24998575 0.75001425]
[0.7303308  0.26966915]
[0.70775163 0.2922484 ]
[0.28608212 0.7139179 ]
[0.22321686 0.7767831 ]
[0.18097557 0.81902444]
[3.771399e-04 9.996228e-01]
[7.104491e-04 9.992895e-01]
label: wave, preds: wave(6.472)
[0.6682283 0.3317716]
[0.10838559 0.89161444]
[0.0609981 0.9390019]
[0.44389483 0.55610514]
[0.00293308 0.99706686]
[0.00737707 0.9926229 ]
[0.27303717 0.7269628 ]
[0.01484735 0.9851527 ]
[0.06908263 0.9309174 ]
label: wave, preds: wave(7.351)
[0.58644974 0.41355026]
[0.07662169 0.92337835]
[0.00427425 0.99572575]
[0.575696   0.42430407]
[0.01347745 0.98652256]
[2.1733817e-05 9.9997830e-01]
[0.54985106 0.45014897]
[0.0053772  0.99462277]
[2.8408022e-06 9.9999714e-01]
label: wave, preds: wave(7.188)
[5.8234466e-05 9.9994183e-01]
[7.454325e-07 9.999993e-01]
[5.400982e-05 9.999460e-01]
[1.0634568e-05 9.9998939e-01]
[2.7454121e-07 9.9999976e-01]
[4.6435864e-05 9.9995351e-01]
[2.3947973e-06 9.9999756e-01]
[4.244742e-07 9.999995e-01]
[2.2350074e-05 9.9997771e-01]
label: wave, preds: wave(9.000)
[2.2523315e-07 9.9999976e-01]
[3.0767849e-06 9.9999690e-01]
[3.0204734e-07 9.9999964e-01]
[6.5388158e-06 9.9999344e-01]
[1.3267725e-06 9.9999869e-01]
[5.4381559e-07 9.9999946e-01]
[2.2332256e-07 9.9999976e-01]
[3.8913268e-07 9.9999964e-01]
[2.6811850e-07 9.9999976e-01]
label: wave, preds: wave(9.000)
[0.05047539 0.9495246 ]
[1.1735092e-05 9.9998832e-01]
[1.348333e-05 9.999865e-01]
[0.10868736 0.8913126 ]
[3.6250615e-06 9.9999642e-01]
[5.8458294e-08 1.0000000e+00]
[0.11562992 0.88437   ]
[9.0587009e-06 9.9999094e-01]
[1.2831068e-08 1.0000000e+00]
label: wave, preds: wave(8.725)
[0.26660982 0.7333902 ]
[0.11422876 0.8857713 ]
[0.8702611  0.12973893]
[0.37427038 0.6257296 ]
[0.61944467 0.38055533]
[0.94629717 0.05370284]
[0.57767624 0.42232376]
[0.64667004 0.35332996]
[0.904291   0.09570907]
label: wave, preds: not_wave(5.320)
------------------------------------------------------------
[3.7561571e-05 9.9996245e-01]
[6.6176639e-05 9.9993384e-01]
[4.477446e-05 9.999552e-01]
[1.3598054e-05 9.9998641e-01]
[4.5968900e-06 9.9999535e-01]
[7.856051e-06 9.999922e-01]
[4.1324097e-06 9.9999589e-01]
[5.8066398e-06 9.9999416e-01]
[1.2736105e-05 9.9998730e-01]
label: wave, preds: wave(9.000)
[0.91099507 0.08900499]
[0.5578367  0.44216326]
[0.6636162  0.33638385]
[0.9496689  0.05033112]
[0.6025929 0.3974071]
[0.43304268 0.5669573 ]
[0.9578446 0.0421554]
[0.57667404 0.42332596]
[0.35853162 0.64146835]
label: wave, preds: not_wave(6.011)
------------------------------------------------------------
[0.99678504 0.00321496]
[0.9863788  0.01362128]
[0.88939774 0.1106022 ]
[0.0089648  0.99103516]
[0.07426225 0.92573774]
[0.00585068 0.9941493 ]
[2.4566069e-05 9.9997544e-01]
[3.8908529e-06 9.9999607e-01]
[5.3973497e-07 9.9999952e-01]
label: wave, preds: wave(6.038)
[0.3881711  0.61182886]
[5.9475744e-04 9.9940526e-01]
[1.2210129e-06 9.9999881e-01]
[0.6993751 0.3006249]
[0.00165519 0.99834484]
[2.9441164e-06 9.9999702e-01]
[0.63444823 0.36555177]
[0.00893556 0.9910644 ]
[5.6608574e-06 9.9999428e-01]
label: wave, preds: wave(7.267)
[9.3750241e-06 9.9999064e-01]
[1.659686e-07 9.999999e-01]
[2.2789986e-06 9.9999774e-01]
[0.25466242 0.7453375 ]
[2.1139886e-04 9.9978864e-01]
[2.6037828e-06 9.9999738e-01]
[2.9619772e-04 9.9970376e-01]
[2.3288881e-05 9.9997669e-01]
[0.00409548 0.99590445]
label: wave, preds: wave(8.741)
[0.9855212  0.01447878]
[0.9853437  0.01465632]
[0.94121397 0.05878595]
[1.3294461e-09 1.0000000e+00]
[6.6674176e-08 9.9999988e-01]
[2.0030293e-05 9.9997997e-01]
[6.4420613e-10 1.0000000e+00]
[1.1793777e-09 1.0000000e+00]
[3.0358138e-09 1.0000000e+00]
label: wave, preds: wave(6.088)
[0.28315517 0.7168448 ]
[1.7232835e-04 9.9982768e-01]
[0.00303631 0.99696374]
[0.22645468 0.77354527]
[1.3819769e-06 9.9999863e-01]
[5.0339433e-05 9.9994957e-01]
[0.25381827 0.7461817 ]
[8.2820623e-07 9.9999917e-01]
[1.1081444e-05 9.9998891e-01]
label: wave, preds: wave(8.233)
[0.00472115 0.9952788 ]
[0.01909923 0.98090076]
[0.01255558 0.98744446]
[5.096973e-06 9.999949e-01]
[1.3130494e-07 9.9999988e-01]
[2.0072616e-06 9.9999797e-01]
[0.00861781 0.9913822 ]
[0.00207076 0.9979292 ]
[0.12099931 0.87900066]
label: wave, preds: wave(8.832)
[0.72629356 0.27370647]
[0.41471824 0.5852818 ]
[0.20126235 0.79873765]
[0.75310695 0.24689305]
[0.08696088 0.9130391 ]
[3.7654027e-04 9.9962342e-01]
[0.7434123  0.25658762]
[0.0824957 0.9175043]
[8.812948e-05 9.999119e-01]
label: wave, preds: wave(5.991)
[0.01366485 0.98633516]
[0.00117128 0.9988287 ]
[0.02777898 0.972221  ]
[0.00509212 0.99490786]
[3.508302e-04 9.996491e-01]
[0.01266316 0.9873369 ]
[0.00418562 0.9958143 ]
[4.3863544e-04 9.9956131e-01]
[0.01701933 0.98298067]
label: wave, preds: wave(8.918)
[1.2347223e-07 9.9999988e-01]
[3.044625e-08 1.000000e+00]
[2.1497186e-07 9.9999976e-01]
[2.8820477e-06 9.9999714e-01]
[6.082931e-08 1.000000e+00]
[1.3999011e-06 9.9999857e-01]
[2.4327252e-05 9.9997568e-01]
[6.920824e-07 9.999993e-01]
[1.7894634e-05 9.9998212e-01]
label: wave, preds: wave(9.000)
[0.36395657 0.6360434 ]
[4.660886e-07 9.999995e-01]
[5.0944507e-08 1.0000000e+00]
[0.28937918 0.7106208 ]
[6.4846944e-07 9.9999934e-01]
[4.936221e-09 1.000000e+00]
[0.6469053 0.3530947]
[0.00314379 0.99685615]
[8.5363240e-08 9.9999994e-01]
label: wave, preds: wave(7.697)
[0.6150583  0.38494164]
[0.5020648 0.4979352]
[0.6469684  0.35303155]
[0.28878918 0.71121085]
[3.4794433e-05 9.9996519e-01]
[4.9538357e-04 9.9950457e-01]
[0.24644898 0.753551  ]
[1.8411403e-05 9.9998164e-01]
[3.0423930e-06 9.9999696e-01]
label: wave, preds: wave(6.700)
[1.922897e-05 9.999807e-01]
[1.0241807e-06 9.9999893e-01]
[2.5460402e-06 9.9999744e-01]
[1.2143586e-07 9.9999988e-01]
[3.6573602e-09 1.0000000e+00]
[5.5821687e-07 9.9999940e-01]
[3.2109047e-06 9.9999678e-01]
[4.9911466e-07 9.9999952e-01]
[8.9934765e-06 9.9999100e-01]
label: wave, preds: wave(9.000)
[0.08389223 0.9161078 ]
[1.3856311e-07 9.9999988e-01]
[8.328949e-11 1.000000e+00]
[0.02653629 0.97346365]
[1.848997e-07 9.999998e-01]
[8.9715346e-11 1.0000000e+00]
[0.05838164 0.9416184 ]
[9.2509094e-07 9.9999905e-01]
[3.1645242e-10 1.0000000e+00]
label: wave, preds: wave(8.831)
[0.00355022 0.99644977]
[0.00217494 0.997825  ]
[0.05931126 0.9406887 ]
[0.0037438 0.9962562]
[0.01024634 0.98975366]
[0.09053956 0.9094604 ]
[0.00133507 0.998665  ]
[0.0482478 0.9517522]
[0.10444713 0.8955529 ]
label: wave, preds: wave(8.676)
accuracy: 89.3130
avg time / video: 0.019s, avg time / clips:   2.16 ms
